0 info it worked if it ends with ok
1 verbose cli [ '/node/bin/node', '/node/bin/npm', 'start' ]
2 info using npm@3.10.3
3 info using node@v6.3.1
4 verbose run-script [ 'prestart', 'start', 'poststart' ]
5 info lifecycle travis-rtm-test@1.0.0~prestart: travis-rtm-test@1.0.0
6 silly lifecycle travis-rtm-test@1.0.0~prestart: no script for prestart, continuing
7 info lifecycle travis-rtm-test@1.0.0~start: travis-rtm-test@1.0.0
8 verbose lifecycle travis-rtm-test@1.0.0~start: unsafe-perm in lifecycle true
9 verbose lifecycle travis-rtm-test@1.0.0~start: PATH: /node/lib/node_modules/npm/bin/node-gyp-bin:/home/rschroed/travis-rtm-test/node_modules/.bin:/node/bin:/home/rschroed/.sdkman/candidates/gradle/current/bin:/node/bin:/node/bin:/node/bin:/usr/local/bin:/usr/bin:/usr/local/sbin:/usr/sbin:/usr/local/bin:/home/rschroed/.local/bin:/home/rschroed/bin:/usr/local/bin:/home/rschroed/.local/bin:/home/rschroed/bin:/usr/local/bin
10 verbose lifecycle travis-rtm-test@1.0.0~start: CWD: /home/rschroed/travis-rtm-test
11 silly lifecycle travis-rtm-test@1.0.0~start: Args: [ '-c', 'node server.js' ]
12 silly lifecycle travis-rtm-test@1.0.0~start: Returned: code: 1  signal: null
13 info lifecycle travis-rtm-test@1.0.0~start: Failed to exec start script
14 verbose stack Error: travis-rtm-test@1.0.0 start: `node server.js`
14 verbose stack Exit status 1
14 verbose stack     at EventEmitter.<anonymous> (/node/lib/node_modules/npm/lib/utils/lifecycle.js:242:16)
14 verbose stack     at emitTwo (events.js:106:13)
14 verbose stack     at EventEmitter.emit (events.js:191:7)
14 verbose stack     at ChildProcess.<anonymous> (/node/lib/node_modules/npm/lib/utils/spawn.js:40:14)
14 verbose stack     at emitTwo (events.js:106:13)
14 verbose stack     at ChildProcess.emit (events.js:191:7)
14 verbose stack     at maybeClose (internal/child_process.js:852:16)
14 verbose stack     at Process.ChildProcess._handle.onexit (internal/child_process.js:215:5)
15 verbose pkgid travis-rtm-test@1.0.0
16 verbose cwd /home/rschroed/travis-rtm-test
17 error Linux 3.10.0-229.el7.x86_64
18 error argv "/node/bin/node" "/node/bin/npm" "start"
19 error node v6.3.1
20 error npm  v3.10.3
21 error code ELIFECYCLE
22 error travis-rtm-test@1.0.0 start: `node server.js`
22 error Exit status 1
23 error Failed at the travis-rtm-test@1.0.0 start script 'node server.js'.
23 error Make sure you have the latest version of node.js and npm installed.
23 error If you do, this is most likely a problem with the travis-rtm-test package,
23 error not with npm itself.
23 error Tell the author that this fails on your system:
23 error     node server.js
23 error You can get information on how to open an issue for this project with:
23 error     npm bugs travis-rtm-test
23 error Or if that isn't available, you can get their info via:
23 error     npm owner ls travis-rtm-test
23 error There is likely additional logging output above.
24 verbose exit [ 1, true ]
